<?xml version="1.0" encoding="UTF-8"?>
<testng-results skipped="0" failed="0" total="1" passed="1">
  <reporter-output>
  </reporter-output>
  <suite name="Default suite" duration-ms="11547" started-at="2019-11-16T13:17:29Z" finished-at="2019-11-16T13:17:41Z">
    <groups>
      <group name="cucumber">
        <method signature="AbstractTestNGCucumberTests.feature(cucumber.api.testng.CucumberFeatureWrapper)[pri:0, instance:action.CompositeActionsRunner@548e7350]" name="feature" class="cucumber.api.testng.AbstractTestNGCucumberTests"/>
      </group> <!-- cucumber -->
    </groups>
    <test name="Default test" duration-ms="11547" started-at="2019-11-16T13:17:29Z" finished-at="2019-11-16T13:17:41Z">
      <class name="action.CompositeActionsRunner">
        <test-method status="PASS" signature="setUpClass()[pri:0, instance:action.CompositeActionsRunner@548e7350]" name="setUpClass" is-config="true" duration-ms="315" started-at="2019-11-16T18:47:29Z" finished-at="2019-11-16T18:47:29Z">
          <reporter-output>
          </reporter-output>
        </test-method> <!-- setUpClass -->
        <test-method status="PASS" signature="feature(cucumber.api.testng.CucumberFeatureWrapper)[pri:0, instance:action.CompositeActionsRunner@548e7350]" name="feature" duration-ms="11140" started-at="2019-11-16T18:47:29Z" description="Runs Cucumber Feature" data-provider="features" finished-at="2019-11-16T18:47:41Z">
          <params>
            <param index="0">
              <value>
                <![CDATA[Working with mouse and keyword action]]>
              </value>
            </param>
          </params>
          <reporter-output>
          </reporter-output>
        </test-method> <!-- feature -->
        <test-method status="PASS" signature="tearDownClass()[pri:0, instance:action.CompositeActionsRunner@548e7350]" name="tearDownClass" is-config="true" duration-ms="2" started-at="2019-11-16T18:47:41Z" finished-at="2019-11-16T18:47:41Z">
          <reporter-output>
          </reporter-output>
        </test-method> <!-- tearDownClass -->
      </class> <!-- action.CompositeActionsRunner -->
    </test> <!-- Default test -->
  </suite> <!-- Default suite -->
</testng-results>
